<?xml version="1.0" encoding="UTF-8"?>
<!-- Generated by org.testng.reporters.JUnitReportReporter -->
<testsuite skipped="0" hostname="om12" name="com.gmail.qa.testcases.LoginPageTest" tests="3" failures="0" timestamp="29 Oct 2018 07:34:53 GMT" time="19.085" errors="0">
  <testcase name="loginPageTitleTest" time="6.546" classname="com.gmail.qa.testcases.LoginPageTest"/>
  <testcase name="googleLogoImageTest" time="5.615" classname="com.gmail.qa.testcases.LoginPageTest"/>
  <testcase name="loginTest" time="6.924" classname="com.gmail.qa.testcases.LoginPageTest"/>
</testsuite> <!-- com.gmail.qa.testcases.LoginPageTest -->
